Traceback (most recent call last):
  File "/srv/repo/vibecoding/RC25H_CentralCore.py", line 2, in <module>
    from rc25_kernel_pro_R3 import ProKernel
ModuleNotFoundError: No module named 'rc25_kernel_pro_R3'
Traceback (most recent call last):
  File "/srv/repo/vibecoding/RC25H_CentralCore.py", line 2, in <module>
    from rc25_kernel_pro_R3 import ProKernel
ModuleNotFoundError: No module named 'rc25_kernel_pro_R3'
Traceback (most recent call last):
  File "/srv/repo/vibecoding/RC25H_CentralCore.py", line 2, in <module>
    from rc25_kernel_pro_R3 import ProKernel
ModuleNotFoundError: No module named 'rc25_kernel_pro_R3'
Traceback (most recent call last):
  File "/srv/repo/vibecoding/RC25H_CentralCore.py", line 2, in <module>
    from rc25_kernel_pro_R3 import ProKernel
ModuleNotFoundError: No module named 'rc25_kernel_pro_R3'
Traceback (most recent call last):
  File "/srv/repo/vibecoding/RC25H_CentralCore.py", line 2, in <module>
    from rc25_kernel_pro_R3 import ProKernel
ModuleNotFoundError: No module named 'rc25_kernel_pro_R3'
Traceback (most recent call last):
  File "/srv/repo/vibecoding/rc25h_centralcore_loop.py", line 1, in <module>
    import time, requests, subprocess, datetime, os, psutil, json
ModuleNotFoundError: No module named 'psutil'
Traceback (most recent call last):
  File "/srv/repo/vibecoding/rc25h_centralcore_loop.py", line 1, in <module>
    import time, requests, subprocess, datetime, os, psutil, json
ModuleNotFoundError: No module named 'psutil'
Traceback (most recent call last):
  File "/srv/repo/vibecoding/rc25h_centralcore_loop.py", line 1, in <module>
    import time, requests, subprocess, datetime, os, psutil, json
ModuleNotFoundError: No module named 'psutil'
Traceback (most recent call last):
  File "/srv/repo/vibecoding/rc25h_centralcore_loop.py", line 1, in <module>
    import time, requests, subprocess, datetime, os, psutil, json
ModuleNotFoundError: No module named 'psutil'
Traceback (most recent call last):
  File "/srv/repo/vibecoding/rc25h_centralcore_loop.py", line 1, in <module>
    import time, requests, subprocess, datetime, os, psutil, json
ModuleNotFoundError: No module named 'psutil'
Failed to restart mcp.service: Unit mcp.service not found.
Failed to restart mcp.service: Unit mcp.service not found.
Job for mcp.service failed.
See "systemctl status mcp.service" and "journalctl -xeu mcp.service" for details.
Job for mcp.service failed because the control process exited with error code.
See "systemctl status mcp.service" and "journalctl -xeu mcp.service" for details.
[2025-11-18 17:52:26.455205] Decision: INIT
[2025-11-18 17:57:26.459640] Decision: INIT
[2025-11-18 18:02:26.478631] Decision: INIT
[2025-11-18 18:07:26.511655] Decision: INIT
[2025-11-18 18:08:03.925741] Decision: INIT
[2025-11-18 18:18:03.977814] Decision: INIT
[2025-11-18 18:38:03.991637] Decision: INIT
[2025-11-18 18:58:04.062646] Decision: INIT
[2025-11-18 19:18:04.095617] Decision: INIT
[2025-11-18 19:38:04.183652] Decision: INIT
[2025-11-18 19:48:04.191632] Decision: INIT
[2025-11-18 19:53:04.207165] Decision: INIT
[2025-11-18 20:03:04.211664] Decision: INIT
[2025-11-18 20:08:04.218628] Decision: INIT
[2025-11-18 20:53:04.302631] Decision: INIT
[2025-11-18 21:03:04.396626] Decision: INIT
[2025-11-18 21:08:04.407903] Decision: INIT
[2025-11-18 21:13:04.409110] Decision: INIT
[2025-11-18 21:18:04.422312] Decision: INIT
[2025-11-18 21:28:04.675726] Decision: INIT
[2025-11-18 21:33:04.678506] Decision: INIT
[2025-11-18 21:43:04.685762] Decision: INIT
[2025-11-18 21:48:04.688563] Decision: INIT
[2025-11-18 21:53:04.689785] Decision: INIT
[2025-11-18 21:58:04.700835] Decision: INIT
[2025-11-18 22:03:04.715975] Decision: INIT
[2025-11-18 22:08:04.761179] Decision: INIT
